<?xml version="1.0" encoding="UTF-8"?>
<!-- Generated by org.testng.reporters.JUnitXMLReporter -->
<testsuite ignored="0" hostname="BLR300" failures="0" tests="10" name="Default test" time="42.611" errors="0" timestamp="2023-10-04T20:48:14 IST">
  <testcase classname="testscases.ProductCartFunctionalityTests" name="ValidateCartPageCancelButtonFunctionality" time="2.192"/>
  <testcase classname="testscases.ProductCartFunctionalityTests" name="ValidateCartPageCheckoutErrorMessageFunctionality" time="2.125"/>
  <testcase classname="testscases.ProductCartFunctionalityTests" name="ValidateCartPageCheckoutFunctionality" time="1.978"/>
  <testcase classname="testscases.ProductCartFunctionalityTests" name="ValidateCheckoutOverviewPageFinishFunctionality" time="2.332"/>
  <testcase classname="testscases.ProductCartFunctionalityTests" name="ValidateCheckoutOverviewPageFunctionality" time="2.101"/>
  <testcase classname="testscases.ProductCartFunctionalityTests" name="ValidateOrderFunctionality" time="2.375"/>
  <testcase classname="testscases.ProductCartFunctionalityTests" name="validateAllOptionsInMenuAreVisibleFunctionality" time="1.833"/>
  <testcase classname="testscases.ProductCartFunctionalityTests" name="validateCartPageContinueShoppingfunctionality" time="1.764"/>
  <testcase classname="testscases.ProductCartFunctionalityTests" name="validateCartPageItemRemovingFromTheCartFunctionality" time="1.498"/>
  <testcase classname="testscases.ProductCartFunctionalityTests" name="validateProductPageItemAddingToTheCartFunctionality" time="1.383"/>
</testsuite> <!-- Default test -->
