<?xml version="1.0" encoding="UTF-8"?>
<!-- Generated by org.testng.reporters.JUnitXMLReporter -->
<testsuite ignored="2" hostname="BLR300" failures="0" tests="15" name="Test" time="68.009" errors="0" timestamp="2023-10-04T20:50:37 IST">
  <testcase classname="testscases.LoginFunctionalityTests" name="logInFunctionalityTest" time="1.232"/>
  <testcase classname="testscases.LoginFunctionalityTests" name="logOutFunctionalityTest" time="1.418"/>
  <testcase classname="testscases.LoginFunctionalityTests" name="validateAboutPageisLoadingFunctionality" time="5.512"/>
  <testcase classname="testscases.LoginFunctionalityTests" name="validateAllOptionsInMenuAreVisibleFunctionality" time="1.991"/>
  <testcase classname="testscases.LoginFunctionalityTests" name="validateMenuClosingButtonFunctionality" time="1.824"/>
  <testcase classname="testscases.ProductCartFunctionalityTests" name="ValidateCartPageCancelButtonFunctionality" time="2.008"/>
  <testcase classname="testscases.ProductCartFunctionalityTests" name="ValidateCartPageCheckoutErrorMessageFunctionality" time="2.48"/>
  <testcase classname="testscases.ProductCartFunctionalityTests" name="ValidateCartPageCheckoutFunctionality" time="2.149"/>
  <testcase classname="testscases.ProductCartFunctionalityTests" name="ValidateCheckoutOverviewPageFinishFunctionality" time="2.321"/>
  <testcase classname="testscases.ProductCartFunctionalityTests" name="ValidateCheckoutOverviewPageFunctionality" time="2.136"/>
  <testcase classname="testscases.ProductCartFunctionalityTests" name="ValidateOrderFunctionality" time="2.363"/>
  <testcase classname="testscases.ProductCartFunctionalityTests" name="validateAllOptionsInMenuAreVisibleFunctionality" time="1.872"/>
  <testcase classname="testscases.ProductCartFunctionalityTests" name="validateCartPageContinueShoppingfunctionality" time="1.761"/>
  <testcase classname="testscases.ProductCartFunctionalityTests" name="validateCartPageItemRemovingFromTheCartFunctionality" time="2.993"/>
  <testcase classname="testscases.ProductCartFunctionalityTests" name="validateProductPageItemAddingToTheCartFunctionality" time="1.384"/>
  <testcase classname="testscases.BaseTest" name="@BeforeSuite globalSetup" time="0.0">
    <ignored/>
  </testcase> <!-- @BeforeSuite globalSetup -->
  <testcase classname="testscases.BaseTest" name="@AfterSuite wrapAllUp" time="0.0">
    <ignored/>
  </testcase> <!-- @AfterSuite wrapAllUp -->
</testsuite> <!-- Test -->
